[debug] [2023-04-24T20:57:27.686Z] ----------------------------------------------------------------------
[debug] [2023-04-24T20:57:27.688Z] Command:       C:\Program Files\nodejs\node.exe C:\Users\Mate Book\AppData\Roaming\npm\node_modules\firebase-tools\lib\bin\firebase.js init
[debug] [2023-04-24T20:57:27.689Z] CLI Version:   11.28.0
[debug] [2023-04-24T20:57:27.689Z] Platform:      win32
[debug] [2023-04-24T20:57:27.689Z] Node Version:  v16.18.0
[debug] [2023-04-24T20:57:27.691Z] Time:          Mon Apr 24 2023 22:57:27 GMT+0200 (Eastern European Standard Time)
[debug] [2023-04-24T20:57:27.691Z] ----------------------------------------------------------------------
[debug] 
[debug] [2023-04-24T20:57:27.704Z] > command requires scopes: ["email","openid","https://www.googleapis.com/auth/cloudplatformprojects.readonly","https://www.googleapis.com/auth/firebase","https://www.googleapis.com/auth/cloud-platform"]
[debug] [2023-04-24T20:57:27.705Z] > authorizing via signed-in user (mohamedtarek7670@gmail.com)
[info] 
     ######## #### ########  ######## ########     ###     ######  ########
     ##        ##  ##     ## ##       ##     ##  ##   ##  ##       ##
     ######    ##  ########  ######   ########  #########  ######  ######
     ##        ##  ##    ##  ##       ##     ## ##     ##       ## ##
     ##       #### ##     ## ######## ########  ##     ##  ######  ########

You're about to initialize a Firebase project in this directory:

  D:\Files R\React\tasks\08-ecommerce-design-only-master\back-end-ecommerce-after-login-master\back-end-ecommerce-after-login-master

[info] 
=== Project Setup
[info] 
[info] First, let's associate this project directory with a Firebase project.
[info] You can create multiple project aliases by running firebase use --add, 
[info] but for now we'll just set up a default project.
[info] 
[debug] [2023-04-24T20:59:52.725Z] >>> [apiv2][query] GET https://firebase.googleapis.com/v1beta1/projects pageSize=100
[debug] [2023-04-24T20:59:53.438Z] <<< [apiv2][status] GET https://firebase.googleapis.com/v1beta1/projects 200
[debug] [2023-04-24T20:59:53.440Z] <<< [apiv2][body] GET https://firebase.googleapis.com/v1beta1/projects [omitted]
[info] i  Using project e-commerce-847b4 (e-commerce) 
[info] 
=== Hosting Setup
[info] 
[info] Your public directory is the folder (relative to your project directory) that
[info] will contain Hosting assets to be uploaded with firebase deploy. If you
[info] have a build process for your assets, use your build's output directory.
[info] 
